Operating on: 10 - Optimism

Config - REWARD_RECIPIENT not provided, setting swap recipient to relayer address: 0x07C5917860695a351De0BF7C200367619B5ffb68
Config - MIN_PROFIT_THRESHOLD_USD: 0.1


Instantiating RNG contracts ...
┌──────────────────────┬──────────────────────────────────────────────┐
│ (index)              │ Values                                       │
├──────────────────────┼──────────────────────────────────────────────┤
│ prizePoolContract    │ '0xF35fE10ffd0a9672d0095c435fd8767A7fe29B55' │
│ drawManagerContract  │ '0x7eED7444dE862c4F79c5820ff867FA3A82641857' │
│ rngWitnetContract    │ '0x3d2Ef6C091f7CB69f06Ec3117F36A28BC596aa7B' │
│ rngBlockhashContract │ undefined                                    │
└──────────────────────┴──────────────────────────────────────────────┘

Gathering info on state of auctions ...
Getting RNG token and native (gas) token market rates ...

Running draw auction state context multicalls ...

******************

Tokens:

1a. Chain Native/Gas Token ETH Market Rate (USD): $3246.256
1b. Reward Token 'WETH' Market Rate (USD): $3246.256


Rng Auction State:

2a. Can Start Draw?  ✗
2b. Start Draw Expected Reward: 0.0 WETH
2c. Start Draw Expected Reward (USD): $0 $0
2d. PrizePool (10 - Optimism) can start draw in: 1403.8666666666666 minutes


Finish Draw Auction State:

3a. Can Finish Draw?  ✔
3b. Finish Draw Expected Reward: 0.000013364377002086 WETH
3c. Finish Draw Expected Reward (USD): $0.04 $0.04338418902928369



Processing 'Finish Draw' for 10 - Optimism:
Estimating DrawManager#finishDraw() gas costs ...

Estimated gas limit (wei): 0.000000000000424301 ETH (424301 wei)
Recent Gas Price (wei): 0.000000000061998971 ETH (61998971 wei)
Recent Gas Price (gwei): 0.061998971 gwei

Gas Cost (USD): $0.09 $0.0854293419818514


Calculating profit ...

Profit/Loss (USD):

Gross Profit = Reward
Net profit = (Gross Profit - Gas Fees [Max])
$-0.04 = ($0.04 - $0.09) $-0.04204515295256771 = ($0.04338418902928369 - $0.0854293419818514)

┌──────────────────────────┬──────────┐
│ (index)                  │ Values   │
├──────────────────────────┼──────────┤
│ MIN_PROFIT_THRESHOLD_USD │ '$0.1'   │
│ Net Profit (USD)         │ '$-0.04' │
│ Profitable?              │ '✗'      │
└──────────────────────────┴──────────┘

Completing current auction currently not profitable. Try again soon ...
